------------------------------
2232::189853,181931,91068,140701,202297,127489,183491,98913,50713,85123,202969,30565,50271,206940,58750,
------------------------------
------------------------------
3072::131035,69355,18428,198805,202955,139945,11054,137354,40161,542,138202,43056,104975,182195,195405,
------------------------------
------------------------------
3762::111934,122146,131035,69355,92435,25155,140701,18294,40127,202969,148830,189711,195405,173404,186062,
------------------------------
------------------------------
6582::34912,164902,131035,40795,92435,140701,132321,199353,18294,181693,147166,25155,143063,137039,128077,
------------------------------
------------------------------
6972::173560,180559,114204,132321,137354,131001,25155,40127,209353,181931,195405,
------------------------------
------------------------------
12252::212721,52550,181931,80697,154166,167113,208635,118665,182195,195405,134362,59009,91068,2523,204024,127424,
------------------------------
------------------------------
12972::131035,89627,92435,140701,210627,40161,11054,91068,218736,111470,144726,198110,148830,28049,195405,
------------------------------
------------------------------
17052::130730,542,138202,91068,140701,139945,69355,131035,92435,183335,208642,36207,40127,
------------------------------
------------------------------
19182::19306,40544,92344,69013,23556,58750,137354,148830,167245,183456,101144,10194,155689,
------------------------------
------------------------------
19422::206541,131035,92435,69355,33009,20059,156739,51551,80697,33558,127229,160626,47612,108759,
------------------------------
------------------------------
21612::164790,86653,105471,207679,92435,11054,30513,137354,40161,151458,70871,41467,142870,
------------------------------
------------------------------
27732::187784,6675,94858,93410,131035,31742,92435,18294,218203,98279,104975,123661,59009,25155,195405,
------------------------------
------------------------------
28962::131035,43341,92435,137354,148830,28049,11054,203514,188128,23594,68019,109738,48690,195405,121948,209353,
------------------------------
------------------------------
29112::11054,82626,69355,45486,91068,23594,111040,8059,92435,211792,
------------------------------
------------------------------
29352::189853,181931,92435,140701,11054,137354,43299,186483,84899,40127,208635,208642,
------------------------------
------------------------------
32562::25984,208635,137354,16633,214091,191659,195405,89627,115668,165256,74548,67162,127789,180918,
------------------------------
------------------------------
33492::131035,181931,92435,23429,208642,82626,84899,148830,40127,11054,23594,30565,43299,208642,
------------------------------
------------------------------
33552::33646,8218,123837,79470,131035,69355,92435,148830,210882,58750,195405,25984,23594,6367,136539,218203,59009,
------------------------------
------------------------------
34092::18607,131035,69355,92435,25984,118913,137354,117806,42881,58750,4035,55868,
------------------------------
------------------------------
34662::164790,49253,136539,130182,170154,204425,139362,50713,43648,143527,33009,4685,86128,157222,56844,
------------------------------
------------------------------
34722::131035,89627,92435,210882,207707,127229,11054,80697,13817,157099,116518,65440,200256,195405,
------------------------------
------------------------------
38052::165380,50713,20059,210882,149329,147166,88215,54706,73183,209170,101696,58750,3364,32435,
------------------------------
------------------------------
40152::91098,131035,69355,92435,140701,100739,132321,50271,48817,131001,18294,25155,195405,131001,141268,148148,195405,
------------------------------
------------------------------
41502::89627,92435,15321,202955,195405,11054,98995,141605,10718,59009,40161,104975,182195,209353,
------------------------------
------------------------------
41682::115747,164790,131035,31742,92435,11054,140701,173825,111986,74548,137354,161744,25155,195405,209353,
------------------------------
------------------------------
42732::30602,116104,113830,114225,61149,172047,42122,
------------------------------
------------------------------
44982::189853,67311,140701,92435,206090,11054,4685,91068,40161,156739,178051,104975,195405,127789,218736,
------------------------------
------------------------------
45582::206090,23487,156739,204425,48690,195405,64015,14429,23594,131001,31232,39064,68019,82968,45592,
------------------------------
------------------------------
50832::131035,43341,92435,183335,39470,158758,114225,123661,212009,188276,26284,131001,15321,198110,39064,195405,
------------------------------
------------------------------
51132::31742,195405,45847,18047,130635,91068,86400,189223,208635,40161,202955,26749,140701,203722,50194,57919,
------------------------------
------------------------------
52332::34912,11054,131035,31742,92435,140701,18294,48705,4685,209911,202955,123668,123351,95632,
------------------------------
------------------------------
54642::182565,101892,210627,111465,15321,11052,58750,195405,53863,23658,211893,
------------------------------
------------------------------
55962::204425,58750,31742,92435,9751,61703,26429,208635,137354,157313,88621,197121,121948,218532,103148,95687,
------------------------------
------------------------------
56082::14493,164790,86653,210882,149329,94248,173825,178051,86128,59009,132321,37355,48690,
------------------------------
------------------------------
57342::54962,131035,64015,92435,144584,124434,93708,203722,33558,4685,132321,58750,
------------------------------
------------------------------
57762::160578,19597,196320,196320,189853,183198,92435,29668,116518,207707,123661,33558,13817,48817,187275,
------------------------------
------------------------------
59742::104975,35065,164790,174397,90595,55160,217909,82968,65440,13817,195405,
------------------------------
------------------------------
63762::202955,195405,181931,92435,140701,91068,40161,64231,137354,40161,218532,103148,45847,80697,42881,202955,
------------------------------
------------------------------
67572::137354,10718,15321,84359,195405,207707,89354,205373,11054,209353,201501,50424,49268,93115,56738,159835,68941,178981,40718,
------------------------------
------------------------------
69552::85631,13748,54687,131035,64015,210627,100739,132321,212597,4685,50271,58750,
------------------------------
------------------------------
71052::48979,66583,131035,37355,92435,59009,40161,98794,195405,25366,127424,116317,40161,195405,182195,
------------------------------
------------------------------
73662::91260,164790,105471,189853,40594,44665,121763,208635,23594,2105,6020,116066,39064,195405,
------------------------------
------------------------------
74952::13748,54687,131035,64015,92435,180559,132321,187901,39829,116518,105585,
------------------------------
------------------------------
77502::187275,219023,122461,131035,44665,31742,197148,127229,206940,80697,219023,32435,64015,
------------------------------
------------------------------
78312::132920,92435,80273,54706,134781,2105,195405,23594,59009,2105,34834,189853,209353,
------------------------------
------------------------------
78462::26897,91979,112651,131035,43341,92435,140701,25984,59009,40161,119428,172875,195405,84909,
------------------------------
------------------------------
81012::197948,112276,35571,164790,101711,31923,52550,64015,210627,195405,20823,215124,160319,74698,202617,98913,
------------------------------
------------------------------
82152::131035,181931,210627,164790,50713,137354,173805,33009,208642,43299,166393,148830,40127,186483,
------------------------------
------------------------------
83982::156739,59009,49253,86400,195405,25155,11054,82626,131001,218736,173825,96368,146059,59009,
------------------------------
------------------------------
85602::9530,131035,58750,57919,195405,148830,23594,33558,25984,88215,50713,40161,28049,23788,195405,64015,
------------------------------
------------------------------
85662::181421,11054,61703,14429,88621,50713,72319,59009,40161,100280,3364,58750,
------------------------------
------------------------------
86412::9530,11054,186399,136539,117806,199353,33950,123661,42816,13712,198303,195405,167056,
------------------------------
------------------------------
89322::42122,195405,80417,131035,67311,92435,86400,146915,18294,39064,42122,18047,
------------------------------
------------------------------
89412::61703,32647,131035,31742,92435,140701,14429,61703,26429,50255,108182,126586,132321,137354,25155,195405,
------------------------------
------------------------------
89562::195405,64015,101916,157304,88215,15321,18150,88215,154301,173825,80697,202955,10718,8625,86400,18047,
------------------------------
------------------------------
90612::90118,131035,57919,31742,92435,23594,26749,28049,155939,148830,173825,101916,195405,198110,
------------------------------
------------------------------
94722::131035,207453,122088,115668,93708,203722,170872,95687,188128,82626,215681,89627,191820,24157,154919,198805,
------------------------------
------------------------------
97512::34912,11054,131035,31742,92435,140701,18294,202969,131001,40161,58750,128547,215407,175182,
------------------------------
------------------------------
98802::147378,131035,69355,92435,140701,25984,118913,47596,173825,113830,132321,33009,28049,195405,198110,
------------------------------
------------------------------
99042::172750,131035,43341,92435,23594,198110,195405,84076,205580,146571,129204,205580,181693,2329,28049,209353,177868,
------------------------------
------------------------------
99972::131035,69355,92435,154166,80697,65440,119888,30565,127229,112886,32435,160681,151649,
------------------------------
------------------------------
103422::113830,140701,131035,37355,137354,23594,215136,40915,148830,178051,30565,208642,48690,
------------------------------
------------------------------
104052::187876,37355,140701,11054,59009,40161,141820,84909,84359,98794,195405,205373,118665,182195,209353,
------------------------------
------------------------------
107802::42044,140701,133359,205873,207707,32164,127985,58750,
------------------------------
------------------------------
108762::177578,192132,150920,98913,196038,131035,31742,173825,25155,117869,39699,
------------------------------
------------------------------
112152::189853,23556,92435,11054,86400,218203,23594,199353,123661,8059,39064,74068,
------------------------------
------------------------------
118452::71145,129656,9530,79224,215756,46255,50255,53220,215136,99575,132321,131001,25155,195405,54154,9343,
------------------------------
------------------------------
119352::198229,131035,69355,92435,11054,157402,208635,148830,198303,195405,188128,64015,182667,
------------------------------
------------------------------
119982::